{"contracts\\WIP.sol":{"l":{"23":3,"24":3,"25":3,"29":0,"33":0,"37":0,"41":0,"45":0,"49":0,"53":0,"61":3,"71":3,"78":3,"85":0},"path":"D:\\计算机科学与技术\\区块链\\web3_projects\\crypto+web3 for creatives\\项目复现\\w-i-p\\contracts\\WIP.sol","s":{"1":3,"2":3,"3":3,"4":0,"5":0,"6":0,"7":0,"8":0,"9":0,"10":0,"11":3,"12":3,"13":3,"14":0},"b":{},"f":{"1":3,"2":0,"3":0,"4":0,"5":0,"6":0,"7":0,"8":0,"9":3,"10":3,"11":3,"12":0},"fnMap":{"1":{"name":"constructor","line":22,"loc":{"start":{"line":22,"column":4},"end":{"line":26,"column":4}}},"2":{"name":"changePostThreshold","line":28,"loc":{"start":{"line":28,"column":4},"end":{"line":30,"column":4}}},"3":{"name":"changeCommentThreshold","line":32,"loc":{"start":{"line":32,"column":4},"end":{"line":34,"column":4}}},"4":{"name":"canPost","line":36,"loc":{"start":{"line":36,"column":4},"end":{"line":38,"column":4}}},"5":{"name":"canComment","line":40,"loc":{"start":{"line":40,"column":4},"end":{"line":42,"column":4}}},"6":{"name":"pause","line":44,"loc":{"start":{"line":44,"column":4},"end":{"line":46,"column":4}}},"7":{"name":"unpause","line":48,"loc":{"start":{"line":48,"column":4},"end":{"line":50,"column":4}}},"8":{"name":"mint","line":52,"loc":{"start":{"line":52,"column":4},"end":{"line":54,"column":4}}},"9":{"name":"_beforeTokenTransfer","line":60,"loc":{"start":{"line":56,"column":4},"end":{"line":62,"column":4}}},"10":{"name":"_afterTokenTransfer","line":66,"loc":{"start":{"line":66,"column":4},"end":{"line":72,"column":4}}},"11":{"name":"_mint","line":74,"loc":{"start":{"line":74,"column":4},"end":{"line":79,"column":4}}},"12":{"name":"_burn","line":81,"loc":{"start":{"line":81,"column":4},"end":{"line":86,"column":4}}}},"statementMap":{"1":{"start":{"line":23,"column":8},"end":{"line":23,"column":50}},"2":{"start":{"line":24,"column":8},"end":{"line":24,"column":43}},"3":{"start":{"line":25,"column":8},"end":{"line":25,"column":45}},"4":{"start":{"line":29,"column":8},"end":{"line":29,"column":52}},"5":{"start":{"line":33,"column":8},"end":{"line":33,"column":55}},"6":{"start":{"line":37,"column":8},"end":{"line":37,"column":47}},"7":{"start":{"line":41,"column":8},"end":{"line":41,"column":50}},"8":{"start":{"line":45,"column":8},"end":{"line":45,"column":15}},"9":{"start":{"line":49,"column":8},"end":{"line":49,"column":17}},"10":{"start":{"line":53,"column":8},"end":{"line":53,"column":24}},"11":{"start":{"line":61,"column":8},"end":{"line":61,"column":51}},"12":{"start":{"line":71,"column":8},"end":{"line":71,"column":50}},"13":{"start":{"line":78,"column":8},"end":{"line":78,"column":30}},"14":{"start":{"line":85,"column":8},"end":{"line":85,"column":35}}},"branchMap":{}}}